<?xml version="1.0" encoding="UTF-8"?>
<!-- Generated by org.testng.reporters.JUnitReportReporter -->
<testsuite hostname="HDLT0798" failures="0" tests="1" name="com.orangeHRM.runners.NewUserCreation_TestRunner" time="59.802" errors="0" timestamp="22 Dec 2023 09:25:57 GMT">
  <testcase classname="com.orangeHRM.runners.NewUserCreation_TestRunner" name="feature" time="59.802"/>
</testsuite> <!-- com.orangeHRM.runners.NewUserCreation_TestRunner -->
