<?xml version="1.0" encoding="UTF-8"?>
<!-- Generated by org.testng.reporters.JUnitReportReporter -->
<testsuite hostname="HDLT0798" name="com.orangeHRM.runners.orangeHRM_LoginFunctionality_TestRunners" tests="1" failures="0" timestamp="27 Mar 2022 14:42:23 GMT" time="16.703" errors="0">
  <testcase name="feature" time="16.703" classname="com.orangeHRM.runners.orangeHRM_LoginFunctionality_TestRunners"/>
</testsuite> <!-- com.orangeHRM.runners.orangeHRM_LoginFunctionality_TestRunners -->
