<?xml version="1.0" encoding="UTF-8"?>
<!-- Generated by org.testng.reporters.JUnitReportReporter -->
<testsuite hostname="HDLT0798" failures="0" tests="1" name="com.nop.commerce.runners.NewUserCreation_TestRunner" time="34.966" errors="0" timestamp="22 Dec 2023 10:59:32 GMT">
  <testcase classname="com.nop.commerce.runners.NewUserCreation_TestRunner" name="feature" time="34.966"/>
</testsuite> <!-- com.nop.commerce.runners.NewUserCreation_TestRunner -->
