<?xml version="1.0" encoding="UTF-8"?>
<!-- Generated by org.testng.reporters.JUnitReportReporter -->
<testsuite hostname="DESKTOP-59KT4AL" failures="0" tests="1" name="com.nop.commerce.runners.NewUserCreation_TestRunner" time="35.111" errors="0" timestamp="2023-12-24T00:38:18 IST" skipped="0">
  <testcase classname="com.nop.commerce.runners.NewUserCreation_TestRunner" name="runScenario" time="35.111"/>
</testsuite> <!-- com.nop.commerce.runners.NewUserCreation_TestRunner -->
